<?xml version="1.0" encoding="UTF-8"?>
<testng-results ignored="0" total="1" passed="1" failed="0" skipped="0">
  <reporter-output>
  </reporter-output>
  <suite started-at="2020-03-19T14:54:57 IST" name="Default suite" finished-at="2020-03-19T14:55:46 IST" duration-ms="49028">
    <groups>
    </groups>
    <test started-at="2020-03-19T14:54:57 IST" name="Default test" finished-at="2020-03-19T14:55:46 IST" duration-ms="49028">
      <class name="selenium.NewTest">
        <test-method is-config="true" signature="setUp()[pri:0, instance:selenium.NewTest@63a65a25]" started-at="2020-03-19T14:54:57 IST" name="setUp" finished-at="2020-03-19T14:55:03 IST" duration-ms="5872" status="PASS">
          <reporter-output>
          </reporter-output>
        </test-method> <!-- setUp -->
        <test-method signature="PurchaseProduct(java.lang.String, java.lang.String)[pri:0, instance:selenium.NewTest@63a65a25]" started-at="2020-03-19T14:55:03 IST" name="PurchaseProduct" data-provider="SearchProvider" finished-at="2020-03-19T14:55:45 IST" duration-ms="42454" status="PASS">
          <params>
            <param index="0">
              <value>
                <![CDATA[9710014423]]>
              </value>
            </param>
            <param index="1">
              <value>
                <![CDATA[Sumana@6]]>
              </value>
            </param>
          </params>
          <reporter-output>
          </reporter-output>
        </test-method> <!-- PurchaseProduct -->
        <test-method is-config="true" signature="CloseBrowser()[pri:0, instance:selenium.NewTest@63a65a25]" started-at="2020-03-19T14:55:45 IST" name="CloseBrowser" finished-at="2020-03-19T14:55:46 IST" duration-ms="670" status="PASS">
          <reporter-output>
          </reporter-output>
        </test-method> <!-- CloseBrowser -->
      </class> <!-- selenium.NewTest -->
    </test> <!-- Default test -->
  </suite> <!-- Default suite -->
</testng-results>
